
2023-03-01 08:31:50,342 verify_email.apps INFO     [Email Verification] : importing signals    - OK.
2023-03-01 08:31:51,938 verify_email.apps INFO     [Email Verification] : importing signals    - OK.
2023-03-01 08:31:52,440 verify_email.apps INFO     [Email Verification] : importing signals    - OK.
2023-03-01 08:31:52,829 verify_email.apps INFO     [Email Verification] : importing signals    - OK.
2023-03-01 08:31:52,842 django.utils.autoreload INFO     Watching for file changes with StatReloader
2023-03-01 08:36:54,623 verify_email.apps INFO     [Email Verification] : importing signals    - OK.
2023-03-01 08:36:55,910 verify_email.apps INFO     [Email Verification] : importing signals    - OK.
2023-03-01 08:36:56,375 verify_email.apps INFO     [Email Verification] : importing signals    - OK.
2023-03-01 08:36:56,746 verify_email.apps INFO     [Email Verification] : importing signals    - OK.
2023-03-01 08:36:56,759 django.utils.autoreload INFO     Watching for file changes with StatReloader
2023-03-01 08:38:31,840 verify_email.apps INFO     [Email Verification] : importing signals    - OK.
2023-03-01 08:38:33,123 verify_email.apps INFO     [Email Verification] : importing signals    - OK.
2023-03-01 08:38:33,622 verify_email.apps INFO     [Email Verification] : importing signals    - OK.
2023-03-01 08:38:34,012 verify_email.apps INFO     [Email Verification] : importing signals    - OK.
2023-03-01 08:38:34,025 django.utils.autoreload INFO     Watching for file changes with StatReloader
2023-03-01 08:38:56,764 verify_email.apps INFO     [Email Verification] : importing signals    - OK.
2023-03-01 08:38:58,048 verify_email.apps INFO     [Email Verification] : importing signals    - OK.
2023-03-01 08:38:58,552 verify_email.apps INFO     [Email Verification] : importing signals    - OK.
2023-03-01 08:38:58,960 verify_email.apps INFO     [Email Verification] : importing signals    - OK.
2023-03-01 08:38:58,973 django.utils.autoreload INFO     Watching for file changes with StatReloader
2023-03-01 08:44:15,828 verify_email.apps INFO     [Email Verification] : importing signals    - OK.
2023-03-01 08:44:17,077 verify_email.apps INFO     [Email Verification] : importing signals    - OK.
2023-03-01 08:44:17,630 verify_email.apps INFO     [Email Verification] : importing signals    - OK.
2023-03-01 08:44:18,025 verify_email.apps INFO     [Email Verification] : importing signals    - OK.
2023-03-01 08:44:18,039 django.utils.autoreload INFO     Watching for file changes with StatReloader
2023-03-01 08:44:47,901 django.request WARNING  Not Found: /cabinet_student/9/img/blog/add.jpg
2023-03-01 08:44:47,901 django.request WARNING  Not Found: /cabinet_student/9/img/blog/add.jpg
2023-03-01 08:45:19,167 django.request WARNING  Not Found: /board_tutors_students/board_student/4/about-us.html
2023-03-01 08:45:19,167 django.request WARNING  Not Found: /board_tutors_students/board_student/4/about-us.html
2023-03-01 08:45:19,435 django.request WARNING  Not Found: /favicon.ico
2023-03-01 08:45:19,435 django.request WARNING  Not Found: /favicon.ico
2023-03-01 08:49:02,068 verify_email.apps INFO     [Email Verification] : importing signals    - OK.
2023-03-01 08:49:03,471 verify_email.apps INFO     [Email Verification] : importing signals    - OK.
2023-03-01 08:49:03,990 verify_email.apps INFO     [Email Verification] : importing signals    - OK.
2023-03-01 08:49:04,364 verify_email.apps INFO     [Email Verification] : importing signals    - OK.
2023-03-01 08:49:04,377 django.utils.autoreload INFO     Watching for file changes with StatReloader
2023-03-01 08:53:30,172 verify_email.apps INFO     [Email Verification] : importing signals    - OK.
2023-03-01 08:53:31,485 verify_email.apps INFO     [Email Verification] : importing signals    - OK.
2023-03-01 08:53:32,043 verify_email.apps INFO     [Email Verification] : importing signals    - OK.
2023-03-01 08:53:32,435 verify_email.apps INFO     [Email Verification] : importing signals    - OK.
2023-03-01 08:53:32,447 django.utils.autoreload INFO     Watching for file changes with StatReloader
2023-03-01 08:55:05,860 django.request WARNING  Not Found: /c/
2023-03-01 08:55:05,860 django.request WARNING  Not Found: /c/
2023-03-01 08:56:43,779 verify_email.apps INFO     [Email Verification] : importing signals    - OK.
2023-03-01 08:56:45,305 verify_email.apps INFO     [Email Verification] : importing signals    - OK.
2023-03-01 08:56:45,920 verify_email.apps INFO     [Email Verification] : importing signals    - OK.
2023-03-01 08:56:46,323 verify_email.apps INFO     [Email Verification] : importing signals    - OK.
2023-03-01 08:56:46,338 django.utils.autoreload INFO     Watching for file changes with StatReloader
2023-03-01 09:00:20,566 verify_email.apps INFO     [Email Verification] : importing signals    - OK.
2023-03-01 09:00:21,854 verify_email.apps INFO     [Email Verification] : importing signals    - OK.
2023-03-01 09:00:22,392 verify_email.apps INFO     [Email Verification] : importing signals    - OK.
2023-03-01 09:00:22,865 verify_email.apps INFO     [Email Verification] : importing signals    - OK.
2023-03-01 09:00:22,881 django.utils.autoreload INFO     Watching for file changes with StatReloader
2023-03-01 09:03:32,501 verify_email.apps INFO     [Email Verification] : importing signals    - OK.
2023-03-01 09:03:33,597 verify_email.apps INFO     [Email Verification] : importing signals    - OK.
2023-03-01 09:03:34,070 verify_email.apps INFO     [Email Verification] : importing signals    - OK.
2023-03-01 09:03:34,452 verify_email.apps INFO     [Email Verification] : importing signals    - OK.
2023-03-01 09:03:34,465 django.utils.autoreload INFO     Watching for file changes with StatReloader
2023-03-01 09:12:17,003 verify_email.apps INFO     [Email Verification] : importing signals    - OK.
2023-03-01 09:12:18,447 verify_email.apps INFO     [Email Verification] : importing signals    - OK.
2023-03-01 09:12:19,122 verify_email.apps INFO     [Email Verification] : importing signals    - OK.
2023-03-01 09:12:19,549 verify_email.apps INFO     [Email Verification] : importing signals    - OK.
2023-03-01 09:12:19,562 django.utils.autoreload INFO     Watching for file changes with StatReloader
2023-03-01 09:14:27,855 django.request WARNING  Not Found: /img/favicon.png
2023-03-01 09:14:27,855 django.request WARNING  Not Found: /img/favicon.png
2023-03-01 09:14:27,944 django.request WARNING  Not Found: /img/favicon.png
2023-03-01 09:14:27,944 django.request WARNING  Not Found: /img/favicon.png
2023-03-01 09:14:28,028 django.request WARNING  Not Found: /favicon.ico
2023-03-01 09:14:28,028 django.request WARNING  Not Found: /favicon.ico
2023-03-01 09:16:08,901 verify_email.apps INFO     [Email Verification] : importing signals    - OK.
2023-03-01 09:16:10,283 verify_email.apps INFO     [Email Verification] : importing signals    - OK.
2023-03-01 09:16:10,897 verify_email.apps INFO     [Email Verification] : importing signals    - OK.
2023-03-01 09:16:11,311 verify_email.apps INFO     [Email Verification] : importing signals    - OK.
2023-03-01 09:16:11,329 django.utils.autoreload INFO     Watching for file changes with StatReloader
2023-03-01 09:17:10,150 verify_email.apps INFO     [Email Verification] : importing signals    - OK.
2023-03-01 09:17:11,783 verify_email.apps INFO     [Email Verification] : importing signals    - OK.
2023-03-01 09:17:12,469 verify_email.apps INFO     [Email Verification] : importing signals    - OK.
2023-03-01 09:17:13,000 verify_email.apps INFO     [Email Verification] : importing signals    - OK.
2023-03-01 09:17:13,020 django.utils.autoreload INFO     Watching for file changes with StatReloader
2023-03-01 09:17:53,390 verify_email.apps INFO     [Email Verification] : importing signals    - OK.
2023-03-01 09:17:54,589 verify_email.apps INFO     [Email Verification] : importing signals    - OK.
2023-03-01 09:17:55,088 verify_email.apps INFO     [Email Verification] : importing signals    - OK.
2023-03-01 09:17:55,480 verify_email.apps INFO     [Email Verification] : importing signals    - OK.
2023-03-01 09:17:55,493 django.utils.autoreload INFO     Watching for file changes with StatReloader
2023-03-01 10:14:30,847 django.security.DisallowedHost ERROR    Invalid HTTP_HOST header: 'znpmwfbdzb.gimkitconnect.com'. You may need to add 'znpmwfbdzb.gimkitconnect.com' to ALLOWED_HOSTS.
Traceback (most recent call last):
  File "/usr/local/lib/python3.10/site-packages/django/core/handlers/exception.py", line 56, in inner
    response = get_response(request)
  File "/usr/local/lib/python3.10/site-packages/django/utils/deprecation.py", line 135, in __call__
    response = self.process_request(request)
  File "/usr/local/lib/python3.10/site-packages/django/middleware/common.py", line 48, in process_request
    host = request.get_host()
  File "/usr/local/lib/python3.10/site-packages/django/http/request.py", line 152, in get_host
    raise DisallowedHost(msg)
django.core.exceptions.DisallowedHost: Invalid HTTP_HOST header: 'znpmwfbdzb.gimkitconnect.com'. You may need to add 'znpmwfbdzb.gimkitconnect.com' to ALLOWED_HOSTS.
2023-03-01 10:14:30,894 django.request WARNING  Bad Request: /
2023-03-01 10:14:30,894 django.request WARNING  Bad Request: /
2023-03-01 10:19:47,214 django.request WARNING  Not Found: /img/favicon.png
2023-03-01 10:19:47,214 django.request WARNING  Not Found: /img/favicon.png
2023-03-01 10:19:47,759 django.request WARNING  Not Found: /img/favicon.png
2023-03-01 10:19:47,759 django.request WARNING  Not Found: /img/favicon.png
2023-03-01 10:19:48,483 django.request WARNING  Not Found: /img/favicon.png
2023-03-01 10:19:48,483 django.request WARNING  Not Found: /img/favicon.png
2023-03-01 10:57:47,640 django.request WARNING  Not Found: /img/favicon.png
2023-03-01 10:57:47,640 django.request WARNING  Not Found: /img/favicon.png
2023-03-01 10:57:47,682 django.request WARNING  Not Found: /img/favicon.png
2023-03-01 10:57:47,682 django.request WARNING  Not Found: /img/favicon.png
2023-03-01 10:57:47,725 django.request WARNING  Not Found: /favicon.ico
2023-03-01 10:57:47,725 django.request WARNING  Not Found: /favicon.ico
2023-03-01 11:03:01,831 django.request WARNING  Not Found: /.git/config
2023-03-01 11:03:01,831 django.request WARNING  Not Found: /.git/config
2023-03-01 11:40:42,156 django.security.DisallowedHost ERROR    Invalid HTTP_HOST header: 'mplusfunds.gfolkdev.net'. You may need to add 'mplusfunds.gfolkdev.net' to ALLOWED_HOSTS.
Traceback (most recent call last):
  File "/usr/local/lib/python3.10/site-packages/django/core/handlers/exception.py", line 56, in inner
    response = get_response(request)
  File "/usr/local/lib/python3.10/site-packages/django/utils/deprecation.py", line 135, in __call__
    response = self.process_request(request)
  File "/usr/local/lib/python3.10/site-packages/django/middleware/common.py", line 48, in process_request
    host = request.get_host()
  File "/usr/local/lib/python3.10/site-packages/django/http/request.py", line 152, in get_host
    raise DisallowedHost(msg)
django.core.exceptions.DisallowedHost: Invalid HTTP_HOST header: 'mplusfunds.gfolkdev.net'. You may need to add 'mplusfunds.gfolkdev.net' to ALLOWED_HOSTS.
2023-03-01 11:40:42,178 django.request WARNING  Bad Request: /.well-known/acme-challenge/yB-Ue_K_gVfVzphd1_G9THN1T863QPC0bqIcEIeyM0A
2023-03-01 11:40:42,178 django.request WARNING  Bad Request: /.well-known/acme-challenge/yB-Ue_K_gVfVzphd1_G9THN1T863QPC0bqIcEIeyM0A
2023-03-01 11:40:42,222 django.security.DisallowedHost ERROR    Invalid HTTP_HOST header: 'mplusfunds.gfolkdev.net'. You may need to add 'mplusfunds.gfolkdev.net' to ALLOWED_HOSTS.
Traceback (most recent call last):
  File "/usr/local/lib/python3.10/site-packages/django/core/handlers/exception.py", line 56, in inner
    response = get_response(request)
  File "/usr/local/lib/python3.10/site-packages/django/utils/deprecation.py", line 135, in __call__
    response = self.process_request(request)
  File "/usr/local/lib/python3.10/site-packages/django/middleware/common.py", line 48, in process_request
    host = request.get_host()
  File "/usr/local/lib/python3.10/site-packages/django/http/request.py", line 152, in get_host
    raise DisallowedHost(msg)
django.core.exceptions.DisallowedHost: Invalid HTTP_HOST header: 'mplusfunds.gfolkdev.net'. You may need to add 'mplusfunds.gfolkdev.net' to ALLOWED_HOSTS.
2023-03-01 11:40:42,239 django.request WARNING  Bad Request: /.well-known/acme-challenge/yB-Ue_K_gVfVzphd1_G9THN1T863QPC0bqIcEIeyM0A
2023-03-01 11:40:42,239 django.request WARNING  Bad Request: /.well-known/acme-challenge/yB-Ue_K_gVfVzphd1_G9THN1T863QPC0bqIcEIeyM0A
2023-03-01 11:57:15,775 django.request WARNING  Not Found: /img/favicon.png
2023-03-01 11:57:15,775 django.request WARNING  Not Found: /img/favicon.png
2023-03-01 12:39:22,068 django.request WARNING  Not Found: /img/favicon.png
2023-03-01 12:39:22,068 django.request WARNING  Not Found: /img/favicon.png
2023-03-01 12:48:33,336 django.request WARNING  Not Found: /sdk
2023-03-01 12:48:33,336 django.request WARNING  Not Found: /sdk
2023-03-01 13:07:43,136 django.request WARNING  Not Found: /mn9YDjks1CwzKtQ0cS3EvxOJiPP
2023-03-01 13:07:43,136 django.request WARNING  Not Found: /mn9YDjks1CwzKtQ0cS3EvxOJiPP
2023-03-01 14:19:08,773 django.request WARNING  Not Found: /geoserver
2023-03-01 14:19:08,773 django.request WARNING  Not Found: /geoserver
